{"/workspace/App.tsx": {"path":"/workspace/App.tsx","statementMap":{"0":{"start":{"line":10,"column":22},"end":{"line":47,"column":null}},"1":{"start":{"line":11,"column":2},"end":{"line":45,"column":null}},"2":{"start":{"line":28,"column":12},"end":{"line":34,"column":null}}},"fnMap":{"0":{"name":"(anonymous_0)","decl":{"start":{"line":10,"column":22},"end":{"line":10,"column":28}},"loc":{"start":{"line":10,"column":28},"end":{"line":47,"column":null}},"line":10},"1":{"name":"(anonymous_1)","decl":{"start":{"line":27,"column":34},"end":{"line":27,"column":35}},"loc":{"start":{"line":28,"column":12},"end":{"line":34,"column":null}},"line":28}},"branchMap":{},"s":{"0":1,"1":11,"2":77},"f":{"0":11,"1":77},"b":{},"meta":{"lastBranch":0,"lastFunction":2,"lastStatement":3,"seen":{"s:10:22:47:Infinity":0,"f:10:22:10:28":0,"s:11:2:45:Infinity":1,"f:27:34:27:35":1,"s:28:12:34:Infinity":2},"fnNames":{}}}
,"/workspace/constants.ts": {"path":"/workspace/constants.ts","statementMap":{"0":{"start":{"line":4,"column":54},"end":{"line":70,"column":null}},"1":{"start":{"line":72,"column":21},"end":{"line":75,"column":null}},"2":{"start":{"line":77,"column":39},"end":{"line":83,"column":null}},"3":{"start":{"line":85,"column":32},"end":{"line":91,"column":null}}},"fnMap":{},"branchMap":{},"s":{"0":2,"1":2,"2":2,"3":2},"f":{},"b":{},"meta":{"lastBranch":0,"lastFunction":0,"lastStatement":4,"seen":{"s:4:54:70:Infinity":0,"s:72:21:75:Infinity":1,"s:77:39:83:Infinity":2,"s:85:32:91:Infinity":3},"fnNames":{}}}
,"/workspace/components/Header.tsx": {"path":"/workspace/components/Header.tsx","statementMap":{"0":{"start":{"line":9,"column":38},"end":{"line":20,"column":null}},"1":{"start":{"line":10,"column":2},"end":{"line":18,"column":null}}},"fnMap":{"0":{"name":"(anonymous_0)","decl":{"start":{"line":9,"column":38},"end":{"line":9,"column":39}},"loc":{"start":{"line":9,"column":63},"end":{"line":20,"column":null}},"line":9}},"branchMap":{},"s":{"0":2,"1":16},"f":{"0":16},"b":{},"meta":{"lastBranch":0,"lastFunction":1,"lastStatement":2,"seen":{"s:9:38:20:Infinity":0,"f:9:38:9:39":0,"s:10:2:18:Infinity":1},"fnNames":{}}}
,"/workspace/components/ImplementationPathways.tsx": {"path":"/workspace/components/ImplementationPathways.tsx","statementMap":{"0":{"start":{"line":9,"column":18},"end":{"line":20,"column":null}},"1":{"start":{"line":10,"column":18},"end":{"line":10,"column":null}},"2":{"start":{"line":11,"column":4},"end":{"line":19,"column":null}},"3":{"start":{"line":12,"column":8},"end":{"line":14,"column":null}},"4":{"start":{"line":13,"column":12},"end":{"line":13,"column":null}},"5":{"start":{"line":15,"column":8},"end":{"line":17,"column":null}},"6":{"start":{"line":16,"column":12},"end":{"line":16,"column":null}},"7":{"start":{"line":18,"column":8},"end":{"line":18,"column":null}},"8":{"start":{"line":22,"column":70},"end":{"line":40,"column":null}},"9":{"start":{"line":23,"column":2},"end":{"line":38,"column":null}},"10":{"start":{"line":33,"column":14},"end":{"line":33,"column":null}}},"fnMap":{"0":{"name":"(anonymous_0)","decl":{"start":{"line":9,"column":18},"end":{"line":9,"column":19}},"loc":{"start":{"line":9,"column":36},"end":{"line":20,"column":null}},"line":9},"1":{"name":"(anonymous_1)","decl":{"start":{"line":11,"column":21},"end":{"line":11,"column":22}},"loc":{"start":{"line":11,"column":38},"end":{"line":19,"column":5}},"line":11},"2":{"name":"(anonymous_2)","decl":{"start":{"line":22,"column":70},"end":{"line":22,"column":71}},"loc":{"start":{"line":22,"column":95},"end":{"line":40,"column":null}},"line":22},"3":{"name":"(anonymous_3)","decl":{"start":{"line":32,"column":26},"end":{"line":32,"column":27}},"loc":{"start":{"line":33,"column":14},"end":{"line":33,"column":null}},"line":33}},"branchMap":{"0":{"loc":{"start":{"line":12,"column":8},"end":{"line":14,"column":null}},"type":"if","locations":[{"start":{"line":12,"column":8},"end":{"line":14,"column":null}},{"start":{},"end":{}}],"line":12},"1":{"loc":{"start":{"line":12,"column":12},"end":{"line":12,"column":58}},"type":"binary-expr","locations":[{"start":{"line":12,"column":12},"end":{"line":12,"column":37}},{"start":{"line":12,"column":37},"end":{"line":12,"column":58}}],"line":12},"2":{"loc":{"start":{"line":15,"column":8},"end":{"line":17,"column":null}},"type":"if","locations":[{"start":{"line":15,"column":8},"end":{"line":17,"column":null}},{"start":{},"end":{}}],"line":15},"3":{"loc":{"start":{"line":15,"column":12},"end":{"line":15,"column":56}},"type":"binary-expr","locations":[{"start":{"line":15,"column":12},"end":{"line":15,"column":36}},{"start":{"line":15,"column":36},"end":{"line":15,"column":56}}],"line":15}},"s":{"0":2,"1":76,"2":76,"3":214,"4":62,"5":152,"6":7,"7":145,"8":2,"9":18,"10":76},"f":{"0":76,"1":214,"2":18,"3":76},"b":{"0":[62,152],"1":[214,62],"2":[7,145],"3":[152,7]},"meta":{"lastBranch":4,"lastFunction":4,"lastStatement":11,"seen":{"s:9:18:20:Infinity":0,"f:9:18:9:19":0,"s:10:18:10:Infinity":1,"s:11:4:19:Infinity":2,"f:11:21:11:22":1,"b:12:8:14:Infinity:undefined:undefined:undefined:undefined":0,"s:12:8:14:Infinity":3,"b:12:12:12:37:12:37:12:58":1,"s:13:12:13:Infinity":4,"b:15:8:17:Infinity:undefined:undefined:undefined:undefined":2,"s:15:8:17:Infinity":5,"b:15:12:15:36:15:36:15:56":3,"s:16:12:16:Infinity":6,"s:18:8:18:Infinity":7,"s:22:70:40:Infinity":8,"f:22:70:22:71":2,"s:23:2:38:Infinity":9,"f:32:26:32:27":3,"s:33:14:33:Infinity":10},"fnNames":{}}}
,"/workspace/components/Quote.tsx": {"path":"/workspace/components/Quote.tsx","statementMap":{"0":{"start":{"line":9,"column":36},"end":{"line":18,"column":null}},"1":{"start":{"line":10,"column":2},"end":{"line":16,"column":null}}},"fnMap":{"0":{"name":"(anonymous_0)","decl":{"start":{"line":9,"column":36},"end":{"line":9,"column":37}},"loc":{"start":{"line":9,"column":58},"end":{"line":18,"column":null}},"line":9}},"branchMap":{},"s":{"0":2,"1":17},"f":{"0":17},"b":{},"meta":{"lastBranch":0,"lastFunction":1,"lastStatement":2,"seen":{"s:9:36:18:Infinity":0,"f:9:36:9:37":0,"s:10:2:16:Infinity":1},"fnNames":{}}}
,"/workspace/components/Section.tsx": {"path":"/workspace/components/Section.tsx","statementMap":{"0":{"start":{"line":11,"column":25},"end":{"line":22,"column":null}},"1":{"start":{"line":12,"column":18},"end":{"line":12,"column":null}},"2":{"start":{"line":13,"column":4},"end":{"line":21,"column":null}},"3":{"start":{"line":14,"column":8},"end":{"line":16,"column":null}},"4":{"start":{"line":15,"column":12},"end":{"line":15,"column":null}},"5":{"start":{"line":17,"column":8},"end":{"line":19,"column":null}},"6":{"start":{"line":18,"column":12},"end":{"line":18,"column":null}},"7":{"start":{"line":20,"column":8},"end":{"line":20,"column":null}},"8":{"start":{"line":24,"column":40},"end":{"line":45,"column":null}},"9":{"start":{"line":25,"column":2},"end":{"line":43,"column":null}},"10":{"start":{"line":40,"column":10},"end":{"line":40,"column":null}}},"fnMap":{"0":{"name":"(anonymous_0)","decl":{"start":{"line":11,"column":25},"end":{"line":11,"column":26}},"loc":{"start":{"line":11,"column":43},"end":{"line":22,"column":null}},"line":11},"1":{"name":"(anonymous_1)","decl":{"start":{"line":13,"column":21},"end":{"line":13,"column":22}},"loc":{"start":{"line":13,"column":38},"end":{"line":21,"column":5}},"line":13},"2":{"name":"(anonymous_2)","decl":{"start":{"line":24,"column":40},"end":{"line":24,"column":41}},"loc":{"start":{"line":24,"column":85},"end":{"line":45,"column":null}},"line":24},"3":{"name":"(anonymous_3)","decl":{"start":{"line":39,"column":24},"end":{"line":39,"column":25}},"loc":{"start":{"line":40,"column":10},"end":{"line":40,"column":null}},"line":40}},"branchMap":{"0":{"loc":{"start":{"line":14,"column":8},"end":{"line":16,"column":null}},"type":"if","locations":[{"start":{"line":14,"column":8},"end":{"line":16,"column":null}},{"start":{},"end":{}}],"line":14},"1":{"loc":{"start":{"line":14,"column":12},"end":{"line":14,"column":58}},"type":"binary-expr","locations":[{"start":{"line":14,"column":12},"end":{"line":14,"column":37}},{"start":{"line":14,"column":37},"end":{"line":14,"column":58}}],"line":14},"2":{"loc":{"start":{"line":17,"column":8},"end":{"line":19,"column":null}},"type":"if","locations":[{"start":{"line":17,"column":8},"end":{"line":19,"column":null}},{"start":{},"end":{}}],"line":17},"3":{"loc":{"start":{"line":17,"column":12},"end":{"line":17,"column":56}},"type":"binary-expr","locations":[{"start":{"line":17,"column":12},"end":{"line":17,"column":36}},{"start":{"line":17,"column":36},"end":{"line":17,"column":56}}],"line":17},"4":{"loc":{"start":{"line":28,"column":9},"end":{"line":31,"column":null}},"type":"binary-expr","locations":[{"start":{"line":28,"column":9},"end":{"line":28,"column":null}},{"start":{"line":29,"column":10},"end":{"line":31,"column":null}}],"line":28},"5":{"loc":{"start":{"line":35,"column":11},"end":{"line":35,"column":null}},"type":"binary-expr","locations":[{"start":{"line":35,"column":11},"end":{"line":35,"column":23}},{"start":{"line":35,"column":23},"end":{"line":35,"column":null}}],"line":35},"6":{"loc":{"start":{"line":38,"column":65},"end":{"line":38,"column":86}},"type":"cond-expr","locations":[{"start":{"line":38,"column":74},"end":{"line":38,"column":84}},{"start":{"line":38,"column":84},"end":{"line":38,"column":86}}],"line":38}},"s":{"0":3,"1":208,"2":208,"3":572,"4":113,"5":459,"6":69,"7":390,"8":3,"9":97,"10":203},"f":{"0":208,"1":572,"2":97,"3":203},"b":{"0":[113,459],"1":[572,113],"2":[69,390],"3":[459,69],"4":[97,78],"5":[97,85],"6":[78,19]},"meta":{"lastBranch":7,"lastFunction":4,"lastStatement":11,"seen":{"s:11:25:22:Infinity":0,"f:11:25:11:26":0,"s:12:18:12:Infinity":1,"s:13:4:21:Infinity":2,"f:13:21:13:22":1,"b:14:8:16:Infinity:undefined:undefined:undefined:undefined":0,"s:14:8:16:Infinity":3,"b:14:12:14:37:14:37:14:58":1,"s:15:12:15:Infinity":4,"b:17:8:19:Infinity:undefined:undefined:undefined:undefined":2,"s:17:8:19:Infinity":5,"b:17:12:17:36:17:36:17:56":3,"s:18:12:18:Infinity":6,"s:20:8:20:Infinity":7,"s:24:40:45:Infinity":8,"f:24:40:24:41":2,"s:25:2:43:Infinity":9,"b:28:9:28:Infinity:29:10:31:Infinity":4,"b:35:11:35:23:35:23:35:Infinity":5,"b:38:74:38:84:38:84:38:86":6,"f:39:24:39:25":3,"s:40:10:40:Infinity":10},"fnNames":{}}}
,"/workspace/components/VisionStatement.tsx": {"path":"/workspace/components/VisionStatement.tsx","statementMap":{"0":{"start":{"line":9,"column":18},"end":{"line":20,"column":null}},"1":{"start":{"line":10,"column":18},"end":{"line":10,"column":null}},"2":{"start":{"line":11,"column":4},"end":{"line":19,"column":null}},"3":{"start":{"line":12,"column":8},"end":{"line":14,"column":null}},"4":{"start":{"line":13,"column":12},"end":{"line":13,"column":null}},"5":{"start":{"line":15,"column":8},"end":{"line":17,"column":null}},"6":{"start":{"line":16,"column":12},"end":{"line":16,"column":null}},"7":{"start":{"line":18,"column":8},"end":{"line":18,"column":null}},"8":{"start":{"line":22,"column":56},"end":{"line":40,"column":null}},"9":{"start":{"line":23,"column":2},"end":{"line":38,"column":null}},"10":{"start":{"line":33,"column":16},"end":{"line":33,"column":null}}},"fnMap":{"0":{"name":"(anonymous_0)","decl":{"start":{"line":9,"column":18},"end":{"line":9,"column":19}},"loc":{"start":{"line":9,"column":36},"end":{"line":20,"column":null}},"line":9},"1":{"name":"(anonymous_1)","decl":{"start":{"line":11,"column":21},"end":{"line":11,"column":22}},"loc":{"start":{"line":11,"column":38},"end":{"line":19,"column":5}},"line":11},"2":{"name":"(anonymous_2)","decl":{"start":{"line":22,"column":56},"end":{"line":22,"column":57}},"loc":{"start":{"line":22,"column":77},"end":{"line":40,"column":null}},"line":22},"3":{"name":"(anonymous_3)","decl":{"start":{"line":32,"column":26},"end":{"line":32,"column":27}},"loc":{"start":{"line":33,"column":16},"end":{"line":33,"column":null}},"line":33}},"branchMap":{"0":{"loc":{"start":{"line":12,"column":8},"end":{"line":14,"column":null}},"type":"if","locations":[{"start":{"line":12,"column":8},"end":{"line":14,"column":null}},{"start":{},"end":{}}],"line":12},"1":{"loc":{"start":{"line":12,"column":12},"end":{"line":12,"column":58}},"type":"binary-expr","locations":[{"start":{"line":12,"column":12},"end":{"line":12,"column":37}},{"start":{"line":12,"column":37},"end":{"line":12,"column":58}}],"line":12},"2":{"loc":{"start":{"line":15,"column":8},"end":{"line":17,"column":null}},"type":"if","locations":[{"start":{"line":15,"column":8},"end":{"line":17,"column":null}},{"start":{},"end":{}}],"line":15},"3":{"loc":{"start":{"line":15,"column":12},"end":{"line":15,"column":56}},"type":"binary-expr","locations":[{"start":{"line":15,"column":12},"end":{"line":15,"column":36}},{"start":{"line":15,"column":36},"end":{"line":15,"column":56}}],"line":15}},"s":{"0":2,"1":95,"2":95,"3":171,"4":19,"5":152,"6":19,"7":133,"8":2,"9":19,"10":95},"f":{"0":95,"1":171,"2":19,"3":95},"b":{"0":[19,152],"1":[171,19],"2":[19,133],"3":[152,19]},"meta":{"lastBranch":4,"lastFunction":4,"lastStatement":11,"seen":{"s:9:18:20:Infinity":0,"f:9:18:9:19":0,"s:10:18:10:Infinity":1,"s:11:4:19:Infinity":2,"f:11:21:11:22":1,"b:12:8:14:Infinity:undefined:undefined:undefined:undefined":0,"s:12:8:14:Infinity":3,"b:12:12:12:37:12:37:12:58":1,"s:13:12:13:Infinity":4,"b:15:8:17:Infinity:undefined:undefined:undefined:undefined":2,"s:15:8:17:Infinity":5,"b:15:12:15:36:15:36:15:56":3,"s:16:12:16:Infinity":6,"s:18:8:18:Infinity":7,"s:22:56:40:Infinity":8,"f:22:56:22:57":2,"s:23:2:38:Infinity":9,"f:32:26:32:27":3,"s:33:16:33:Infinity":10},"fnNames":{}}}
}
